2019-03-11 19:12:50,597 CRIT Supervisor running as root (no user in config file)
2019-03-11 19:12:50,598 INFO Included extra file "/etc/supervisor/conf.d/supervisord.conf" during parsing
2019-03-11 19:12:50,617 INFO RPC interface 'supervisor' initialized
2019-03-11 19:12:50,617 CRIT Server 'unix_http_server' running without any HTTP authentication checking
2019-03-11 19:12:50,617 INFO supervisord started with pid 1
2019-03-11 19:12:51,620 INFO spawned: 'varnishd' with pid 15
2019-03-11 19:12:51,622 INFO spawned: 'php-fpm' with pid 16
2019-03-11 19:12:51,624 INFO spawned: 'varnish-plugins-watcher' with pid 17
2019-03-11 19:12:51,630 INFO spawned: 'nginx' with pid 18
2019-03-11 19:12:51,635 INFO spawned: 'MailHog' with pid 19
2019-03-11 19:12:51,644 INFO spawned: 'mysql' with pid 20
2019-03-11 19:12:51,656 INFO spawned: 'varnish-themes-watcher' with pid 23
2019-03-11 19:12:52,858 INFO success: varnishd entered RUNNING state, process has stayed up for > than 1 seconds (startsecs)
2019-03-11 19:12:52,858 INFO success: php-fpm entered RUNNING state, process has stayed up for > than 1 seconds (startsecs)
2019-03-11 19:12:52,858 INFO success: varnish-plugins-watcher entered RUNNING state, process has stayed up for > than 1 seconds (startsecs)
2019-03-11 19:12:52,858 INFO success: nginx entered RUNNING state, process has stayed up for > than 1 seconds (startsecs)
2019-03-11 19:12:52,858 INFO success: MailHog entered RUNNING state, process has stayed up for > than 1 seconds (startsecs)
2019-03-11 19:12:52,858 INFO success: mysql entered RUNNING state, process has stayed up for > than 1 seconds (startsecs)
2019-03-11 19:12:52,858 INFO success: varnish-themes-watcher entered RUNNING state, process has stayed up for > than 1 seconds (startsecs)
2019-03-14 20:15:46,925 WARN received SIGTERM indicating exit request
2019-03-14 20:15:46,926 INFO waiting for varnishd, php-fpm, varnish-plugins-watcher, nginx, MailHog, mysql, varnish-themes-watcher to die
2019-03-14 20:15:46,926 INFO stopped: varnish-themes-watcher (terminated by SIGTERM)
2019-03-14 20:15:46,940 INFO stopped: mysql (exit status 0)
2019-03-14 20:15:46,941 INFO stopped: MailHog (terminated by SIGTERM)
2019-03-14 20:15:46,946 INFO stopped: nginx (exit status 0)
2019-03-14 20:15:47,947 INFO stopped: varnish-plugins-watcher (terminated by SIGTERM)
2019-03-14 20:15:47,960 INFO stopped: php-fpm (exit status 0)
2019-03-14 20:15:48,804 INFO reaped unknown pid 29
2019-03-14 20:15:49,030 INFO stopped: varnishd (exit status 0)
2019-03-14 20:15:55,116 CRIT Supervisor running as root (no user in config file)
2019-03-14 20:15:55,116 INFO Included extra file "/etc/supervisor/conf.d/supervisord.conf" during parsing
2019-03-14 20:15:55,149 INFO RPC interface 'supervisor' initialized
2019-03-14 20:15:55,154 CRIT Server 'unix_http_server' running without any HTTP authentication checking
2019-03-14 20:15:55,154 INFO supervisord started with pid 1
2019-03-14 20:15:56,159 INFO spawned: 'varnishd' with pid 51
2019-03-14 20:15:56,163 INFO spawned: 'php-fpm' with pid 52
2019-03-14 20:15:56,165 INFO spawned: 'varnish-plugins-watcher' with pid 53
2019-03-14 20:15:56,168 INFO spawned: 'nginx' with pid 54
2019-03-14 20:15:56,175 INFO spawned: 'MailHog' with pid 55
2019-03-14 20:15:56,186 INFO spawned: 'mysql' with pid 56
2019-03-14 20:15:56,207 INFO spawned: 'varnish-themes-watcher' with pid 57
2019-03-14 20:15:57,296 INFO success: varnishd entered RUNNING state, process has stayed up for > than 1 seconds (startsecs)
2019-03-14 20:15:57,297 INFO success: php-fpm entered RUNNING state, process has stayed up for > than 1 seconds (startsecs)
2019-03-14 20:15:57,297 INFO success: varnish-plugins-watcher entered RUNNING state, process has stayed up for > than 1 seconds (startsecs)
2019-03-14 20:15:57,297 INFO success: nginx entered RUNNING state, process has stayed up for > than 1 seconds (startsecs)
2019-03-14 20:15:57,297 INFO success: MailHog entered RUNNING state, process has stayed up for > than 1 seconds (startsecs)
2019-03-14 20:15:57,297 INFO success: mysql entered RUNNING state, process has stayed up for > than 1 seconds (startsecs)
2019-03-14 20:15:57,297 INFO success: varnish-themes-watcher entered RUNNING state, process has stayed up for > than 1 seconds (startsecs)
2019-03-25 17:10:07,562 INFO exited: varnishd (exit status 0; expected)
2019-03-25 17:10:07,662 INFO spawned: 'varnishd' with pid 18893
2019-03-25 17:10:08,670 INFO success: varnishd entered RUNNING state, process has stayed up for > than 1 seconds (startsecs)
2019-03-25 17:10:15,278 INFO exited: varnishd (exit status 0; expected)
2019-03-25 17:10:15,799 INFO spawned: 'varnishd' with pid 19161
2019-03-25 17:10:15,799 WARN received SIGTERM indicating exit request
2019-03-25 17:10:15,800 INFO waiting for varnishd, php-fpm, varnish-plugins-watcher, nginx, MailHog, mysql, varnish-themes-watcher to die
2019-03-25 17:10:16,801 INFO success: varnishd entered RUNNING state, process has stayed up for > than 1 seconds (startsecs)
2019-03-25 17:10:16,802 INFO stopped: varnish-themes-watcher (terminated by SIGTERM)
2019-03-25 17:10:16,832 INFO stopped: mysql (exit status 0)
2019-03-25 17:10:16,833 INFO stopped: MailHog (terminated by SIGTERM)
2019-03-25 17:10:16,835 INFO stopped: nginx (exit status 0)
2019-03-25 17:10:16,836 INFO stopped: varnish-plugins-watcher (terminated by SIGTERM)
2019-03-25 17:10:16,853 INFO stopped: php-fpm (exit status 0)
2019-03-25 17:10:16,853 INFO stopped: varnishd (terminated by SIGTERM)
2019-03-25 17:10:20,958 CRIT Supervisor running as root (no user in config file)
2019-03-25 17:10:20,958 INFO Included extra file "/etc/supervisor/conf.d/supervisord.conf" during parsing
2019-03-25 17:10:20,984 INFO RPC interface 'supervisor' initialized
2019-03-25 17:10:20,984 CRIT Server 'unix_http_server' running without any HTTP authentication checking
2019-03-25 17:10:20,984 INFO supervisord started with pid 1
2019-03-25 17:10:21,988 INFO spawned: 'varnishd' with pid 52
2019-03-25 17:10:21,991 INFO spawned: 'php-fpm' with pid 53
2019-03-25 17:10:21,993 INFO spawned: 'varnish-plugins-watcher' with pid 54
2019-03-25 17:10:21,996 INFO spawned: 'nginx' with pid 55
2019-03-25 17:10:22,005 INFO spawned: 'MailHog' with pid 56
2019-03-25 17:10:22,013 INFO spawned: 'mysql' with pid 57
2019-03-25 17:10:22,033 INFO spawned: 'varnish-themes-watcher' with pid 58
2019-03-25 17:10:23,122 INFO success: varnishd entered RUNNING state, process has stayed up for > than 1 seconds (startsecs)
2019-03-25 17:10:23,122 INFO success: php-fpm entered RUNNING state, process has stayed up for > than 1 seconds (startsecs)
2019-03-25 17:10:23,122 INFO success: varnish-plugins-watcher entered RUNNING state, process has stayed up for > than 1 seconds (startsecs)
2019-03-25 17:10:23,122 INFO success: nginx entered RUNNING state, process has stayed up for > than 1 seconds (startsecs)
2019-03-25 17:10:23,123 INFO success: MailHog entered RUNNING state, process has stayed up for > than 1 seconds (startsecs)
2019-03-25 17:10:23,123 INFO success: mysql entered RUNNING state, process has stayed up for > than 1 seconds (startsecs)
2019-03-25 17:10:23,123 INFO success: varnish-themes-watcher entered RUNNING state, process has stayed up for > than 1 seconds (startsecs)
2019-03-27 16:42:48,907 WARN received SIGTERM indicating exit request
2019-03-27 16:42:48,907 INFO waiting for varnishd, php-fpm, varnish-plugins-watcher, nginx, MailHog, mysql, varnish-themes-watcher to die
2019-03-27 16:42:48,908 INFO stopped: varnish-themes-watcher (terminated by SIGTERM)
2019-03-27 16:42:48,924 INFO stopped: mysql (exit status 0)
2019-03-27 16:42:48,925 INFO stopped: MailHog (terminated by SIGTERM)
2019-03-27 16:42:48,927 INFO stopped: nginx (exit status 0)
2019-03-27 16:45:19,699 WARN killing 'varnish-plugins-watcher' (54) with SIGKILL
2019-03-27 16:45:19,699 INFO stopped: varnish-plugins-watcher (terminated by SIGTERM)
2019-03-27 16:45:19,699 INFO waiting for varnishd, php-fpm to die
2019-03-27 16:45:19,710 INFO stopped: php-fpm (exit status 0)
2019-03-27 16:45:20,456 INFO reaped unknown pid 72
2019-03-27 16:45:20,616 INFO reaped unknown pid 3502
2019-03-27 16:45:20,617 INFO reaped unknown pid 3504
2019-03-27 16:45:20,784 INFO stopped: varnishd (exit status 0)
2019-03-27 16:45:23,888 CRIT Supervisor running as root (no user in config file)
2019-03-27 16:45:23,888 INFO Included extra file "/etc/supervisor/conf.d/supervisord.conf" during parsing
2019-03-27 16:45:23,942 INFO RPC interface 'supervisor' initialized
2019-03-27 16:45:23,946 CRIT Server 'unix_http_server' running without any HTTP authentication checking
2019-03-27 16:45:23,947 INFO supervisord started with pid 1
2019-03-27 16:45:24,954 INFO spawned: 'varnishd' with pid 51
2019-03-27 16:45:24,959 INFO spawned: 'php-fpm' with pid 52
2019-03-27 16:45:24,962 INFO spawned: 'varnish-plugins-watcher' with pid 53
2019-03-27 16:45:24,965 INFO spawned: 'nginx' with pid 54
2019-03-27 16:45:24,971 INFO spawned: 'MailHog' with pid 55
2019-03-27 16:45:24,996 INFO spawned: 'mysql' with pid 56
2019-03-27 16:45:25,013 INFO spawned: 'varnish-themes-watcher' with pid 57
2019-03-27 16:45:26,096 INFO success: varnishd entered RUNNING state, process has stayed up for > than 1 seconds (startsecs)
2019-03-27 16:45:26,096 INFO success: php-fpm entered RUNNING state, process has stayed up for > than 1 seconds (startsecs)
2019-03-27 16:45:26,096 INFO success: varnish-plugins-watcher entered RUNNING state, process has stayed up for > than 1 seconds (startsecs)
2019-03-27 16:45:26,096 INFO success: nginx entered RUNNING state, process has stayed up for > than 1 seconds (startsecs)
2019-03-27 16:45:26,097 INFO success: MailHog entered RUNNING state, process has stayed up for > than 1 seconds (startsecs)
2019-03-27 16:45:26,097 INFO success: mysql entered RUNNING state, process has stayed up for > than 1 seconds (startsecs)
2019-03-27 16:45:26,097 INFO success: varnish-themes-watcher entered RUNNING state, process has stayed up for > than 1 seconds (startsecs)
2019-03-27 20:20:54,299 WARN received SIGTERM indicating exit request
2019-03-27 20:20:54,299 INFO waiting for varnishd, php-fpm, varnish-plugins-watcher, nginx, MailHog, mysql, varnish-themes-watcher to die
2019-03-27 20:20:54,300 INFO stopped: varnish-themes-watcher (terminated by SIGTERM)
2019-03-27 20:20:54,315 INFO stopped: mysql (exit status 0)
2019-03-27 20:20:54,316 INFO stopped: MailHog (terminated by SIGTERM)
2019-03-27 20:20:54,319 INFO stopped: nginx (exit status 0)
2019-03-27 20:20:55,323 INFO stopped: varnish-plugins-watcher (terminated by SIGTERM)
2019-03-27 20:20:55,332 INFO stopped: php-fpm (exit status 0)
2019-03-27 20:20:55,352 INFO reaped unknown pid 71
2019-03-27 20:20:55,905 INFO reaped unknown pid 3480
2019-03-27 20:20:55,907 INFO reaped unknown pid 3482
2019-03-27 20:20:56,406 INFO stopped: varnishd (exit status 0)
2019-03-27 20:21:00,136 CRIT Supervisor running as root (no user in config file)
2019-03-27 20:21:00,136 INFO Included extra file "/etc/supervisor/conf.d/supervisord.conf" during parsing
2019-03-27 20:21:00,160 INFO RPC interface 'supervisor' initialized
2019-03-27 20:21:00,162 CRIT Server 'unix_http_server' running without any HTTP authentication checking
2019-03-27 20:21:00,163 INFO supervisord started with pid 1
2019-03-27 20:21:01,168 INFO spawned: 'varnishd' with pid 52
2019-03-27 20:21:01,172 INFO spawned: 'php-fpm' with pid 53
2019-03-27 20:21:01,175 INFO spawned: 'varnish-plugins-watcher' with pid 54
2019-03-27 20:21:01,180 INFO spawned: 'nginx' with pid 55
2019-03-27 20:21:01,189 INFO spawned: 'MailHog' with pid 56
2019-03-27 20:21:01,212 INFO spawned: 'mysql' with pid 59
2019-03-27 20:21:01,219 INFO spawned: 'varnish-themes-watcher' with pid 60
2019-03-27 20:21:02,295 INFO success: varnishd entered RUNNING state, process has stayed up for > than 1 seconds (startsecs)
2019-03-27 20:21:02,295 INFO success: php-fpm entered RUNNING state, process has stayed up for > than 1 seconds (startsecs)
2019-03-27 20:21:02,295 INFO success: varnish-plugins-watcher entered RUNNING state, process has stayed up for > than 1 seconds (startsecs)
2019-03-27 20:21:02,295 INFO success: nginx entered RUNNING state, process has stayed up for > than 1 seconds (startsecs)
2019-03-27 20:21:02,295 INFO success: MailHog entered RUNNING state, process has stayed up for > than 1 seconds (startsecs)
2019-03-27 20:21:02,296 INFO success: mysql entered RUNNING state, process has stayed up for > than 1 seconds (startsecs)
2019-03-27 20:21:02,296 INFO success: varnish-themes-watcher entered RUNNING state, process has stayed up for > than 1 seconds (startsecs)
