2019-03-11T19:12:52.254637Z 0 [Warning] TIMESTAMP with implicit DEFAULT value is deprecated. Please use --explicit_defaults_for_timestamp server option (see documentation for more details).
2019-03-11T19:12:52.255061Z 0 [Note] /usr/sbin/mysqld (mysqld 5.7.23) starting as process 29 ...
2019-03-11T19:12:52.266023Z 0 [Note] InnoDB: PUNCH HOLE support available
2019-03-11T19:12:52.266038Z 0 [Note] InnoDB: Mutexes and rw_locks use GCC atomic builtins
2019-03-11T19:12:52.266041Z 0 [Note] InnoDB: Uses event mutexes
2019-03-11T19:12:52.266043Z 0 [Note] InnoDB: GCC builtin __atomic_thread_fence() is used for memory barrier
2019-03-11T19:12:52.266045Z 0 [Note] InnoDB: Compressed tables use zlib 1.2.3
2019-03-11T19:12:52.266047Z 0 [Note] InnoDB: Using Linux native AIO
2019-03-11T19:12:52.266169Z 0 [Note] InnoDB: Number of pools: 1
2019-03-11T19:12:52.266231Z 0 [Note] InnoDB: Using CPU crc32 instructions
2019-03-11T19:12:52.267298Z 0 [Note] InnoDB: Initializing buffer pool, total size = 32M, instances = 1, chunk size = 32M
2019-03-11T19:12:52.268913Z 0 [Note] InnoDB: Completed initialization of buffer pool
2019-03-11T19:12:52.274247Z 0 [Note] InnoDB: If the mysqld execution user is authorized, page cleaner thread priority can be changed. See the man page of setpriority().
2019-03-11T19:12:52.282730Z 0 [Note] InnoDB: Highest supported file format is Barracuda.
2019-03-11T19:12:52.283018Z 0 [Note] InnoDB: Log scan progressed past the checkpoint lsn 2588963
2019-03-11T19:12:52.283027Z 0 [Note] InnoDB: Doing recovery: scanned up to log sequence number 2591784
2019-03-11T19:12:52.283327Z 0 [Note] InnoDB: Database was not shutdown normally!
2019-03-11T19:12:52.283336Z 0 [Note] InnoDB: Starting crash recovery.
2019-03-11T19:12:52.376348Z 0 [Note] InnoDB: Starting an apply batch of log records to the database...
InnoDB: Progress in percent: 27 28 29 30 31 32 33 34 35 36 37 38 39 40 41 42 43 44 45 46 47 48 49 50 51 52 53 54 55 56 57 58 59 60 61 62 63 64 65 66 67 68 69 70 71 72 73 74 75 76 77 78 79 80 81 82 83 84 85 86 87 88 89 90 91 92 93 94 95 96 97 98 99 
2019-03-11T19:12:52.377863Z 0 [Note] InnoDB: Apply batch completed
2019-03-11T19:12:52.486324Z 0 [Note] InnoDB: Removed temporary tablespace data file: "ibtmp1"
2019-03-11T19:12:52.486343Z 0 [Note] InnoDB: Creating shared tablespace for temporary tables
2019-03-11T19:12:52.486382Z 0 [Note] InnoDB: Setting file './ibtmp1' size to 12 MB. Physically writing the file full; Please wait ...
2019-03-11T19:12:52.501960Z 0 [Note] InnoDB: File './ibtmp1' size is now 12 MB.
2019-03-11T19:12:52.502384Z 0 [Note] InnoDB: 96 redo rollback segment(s) found. 96 redo rollback segment(s) are active.
2019-03-11T19:12:52.502391Z 0 [Note] InnoDB: 32 non-redo rollback segment(s) are active.
2019-03-11T19:12:52.502674Z 0 [Note] InnoDB: Waiting for purge to start
2019-03-11T19:12:52.554417Z 0 [Note] InnoDB: 5.7.23 started; log sequence number 2591784
2019-03-11T19:12:52.556513Z 0 [Note] Plugin 'FEDERATED' is disabled.
2019-03-11T19:12:52.558565Z 0 [Warning] Failed to set up SSL because of the following SSL library error: SSL context is not usable without certificate and private key
2019-03-11T19:12:52.558574Z 0 [Note] Server hostname (bind-address): '*'; port: 3306
2019-03-11T19:12:52.558719Z 0 [Note] IPv6 is available.
2019-03-11T19:12:52.558839Z 0 [Note]   - '::' resolves to '::';
2019-03-11T19:12:52.558849Z 0 [Note] Server socket created on IP: '::'.
2019-03-11T19:12:52.559578Z 0 [Warning] Insecure configuration for --pid-file: Location '/var/run/mysqld' in the path is accessible to all OS users. Consider choosing a different directory.
2019-03-11T19:12:52.560097Z 0 [Note] InnoDB: Loading buffer pool(s) from /var/lib/mysql/ib_buffer_pool
2019-03-11T19:12:52.560300Z 0 [ERROR] /usr/sbin/mysqld: Table './mysql/user' is marked as crashed and should be repaired
2019-03-11T19:12:52.560413Z 0 [Warning] Checking table:   './mysql/user'
2019-03-11T19:12:52.560422Z 0 [ERROR] 1 client is using or hasn't closed the table properly
2019-03-11T19:12:52.560872Z 0 [Warning] 'user' entry 'root@localhost' ignored in --skip-name-resolve mode.
2019-03-11T19:12:52.560892Z 0 [Warning] 'user' entry 'mysql.session@localhost' ignored in --skip-name-resolve mode.
2019-03-11T19:12:52.560898Z 0 [Warning] 'user' entry 'mysql.sys@localhost' ignored in --skip-name-resolve mode.
2019-03-11T19:12:52.560909Z 0 [Warning] 'db' entry 'performance_schema mysql.session@localhost' ignored in --skip-name-resolve mode.
2019-03-11T19:12:52.560912Z 0 [Warning] 'db' entry 'sys mysql.sys@localhost' ignored in --skip-name-resolve mode.
2019-03-11T19:12:52.560918Z 0 [Warning] 'proxies_priv' entry '@ root@localhost' ignored in --skip-name-resolve mode.
2019-03-11T19:12:52.561671Z 0 [Warning] 'tables_priv' entry 'user mysql.session@localhost' ignored in --skip-name-resolve mode.
2019-03-11T19:12:52.561680Z 0 [Warning] 'tables_priv' entry 'sys_config mysql.sys@localhost' ignored in --skip-name-resolve mode.
2019-03-11T19:12:52.562647Z 0 [Note] InnoDB: Buffer pool(s) load completed at 190311 19:12:52
2019-03-11T19:12:52.574432Z 0 [Note] Event Scheduler: Loaded 0 events
2019-03-11T19:12:52.574561Z 0 [Note] /usr/sbin/mysqld: ready for connections.
Version: '5.7.23'  socket: '/var/run/mysqld/mysqld.sock'  port: 3306  MySQL Community Server (GPL)
2019-03-11T19:13:02.445559Z 4 [ERROR] /usr/sbin/mysqld: Table './mysql/proc' is marked as crashed and should be repaired
2019-03-11T19:13:02.445986Z 4 [Warning] Checking table:   './mysql/proc'
2019-03-11T19:13:02.453745Z 6 [Warning] 'user' entry 'root@localhost' ignored in --skip-name-resolve mode.
2019-03-11T19:13:02.453763Z 6 [Warning] 'user' entry 'mysql.session@localhost' ignored in --skip-name-resolve mode.
2019-03-11T19:13:02.453769Z 6 [Warning] 'user' entry 'mysql.sys@localhost' ignored in --skip-name-resolve mode.
2019-03-11T19:13:02.453782Z 6 [Warning] 'db' entry 'performance_schema mysql.session@localhost' ignored in --skip-name-resolve mode.
2019-03-11T19:13:02.453785Z 6 [Warning] 'db' entry 'sys mysql.sys@localhost' ignored in --skip-name-resolve mode.
2019-03-11T19:13:02.453791Z 6 [Warning] 'proxies_priv' entry '@ root@localhost' ignored in --skip-name-resolve mode.
2019-03-11T19:13:02.453888Z 6 [Warning] 'tables_priv' entry 'user mysql.session@localhost' ignored in --skip-name-resolve mode.
2019-03-11T19:13:02.453895Z 6 [Warning] 'tables_priv' entry 'sys_config mysql.sys@localhost' ignored in --skip-name-resolve mode.
2019-03-11T19:22:19.803023Z 0 [Note] InnoDB: page_cleaner: 1000ms intended loop took 63288ms. The settings might not be optimal. (flushed=0 and evicted=0, during the time.)
2019-03-11T20:11:01.400614Z 0 [Note] InnoDB: page_cleaner: 1000ms intended loop took 577558ms. The settings might not be optimal. (flushed=0 and evicted=0, during the time.)
2019-03-12T02:42:07.137664Z 0 [Note] InnoDB: page_cleaner: 1000ms intended loop took 15665809ms. The settings might not be optimal. (flushed=0 and evicted=0, during the time.)
2019-03-12T03:32:03.600764Z 0 [Note] InnoDB: page_cleaner: 1000ms intended loop took 270292ms. The settings might not be optimal. (flushed=0 and evicted=0, during the time.)
2019-03-12T04:04:40.275584Z 0 [Note] InnoDB: page_cleaner: 1000ms intended loop took 14771ms. The settings might not be optimal. (flushed=0 and evicted=0, during the time.)
2019-03-13T13:22:11.858210Z 0 [Note] InnoDB: page_cleaner: 1000ms intended loop took 118460928ms. The settings might not be optimal. (flushed=0 and evicted=0, during the time.)
2019-03-13T14:30:22.302294Z 0 [Note] InnoDB: page_cleaner: 1000ms intended loop took 4031402ms. The settings might not be optimal. (flushed=0 and evicted=0, during the time.)
2019-03-14T02:15:45.349181Z 0 [Note] InnoDB: page_cleaner: 1000ms intended loop took 33303458ms. The settings might not be optimal. (flushed=0 and evicted=0, during the time.)
2019-03-14T19:32:36.518276Z 0 [Note] InnoDB: page_cleaner: 1000ms intended loop took 62112110ms. The settings might not be optimal. (flushed=0 and evicted=0, during the time.)
2019-03-14T20:12:03.149195Z 0 [Note] InnoDB: page_cleaner: 1000ms intended loop took 975901ms. The settings might not be optimal. (flushed=0 and evicted=0, during the time.)
2019-03-14T20:15:46.941834Z 0 [Note] Giving 0 client threads a chance to die gracefully
2019-03-14T20:15:46.942103Z 0 [Note] Shutting down slave threads
2019-03-14T20:15:46.942110Z 0 [Note] Forcefully disconnecting 0 remaining clients
2019-03-14T20:15:46.942115Z 0 [Note] Event Scheduler: Purging the queue. 0 events
2019-03-14T20:15:46.942745Z 0 [Note] Binlog end
2019-03-14T20:15:46.944359Z 0 [Note] Shutting down plugin 'ngram'
2019-03-14T20:15:46.944372Z 0 [Note] Shutting down plugin 'partition'
2019-03-14T20:15:46.944375Z 0 [Note] Shutting down plugin 'BLACKHOLE'
2019-03-14T20:15:46.944377Z 0 [Note] Shutting down plugin 'ARCHIVE'
2019-03-14T20:15:46.944379Z 0 [Note] Shutting down plugin 'PERFORMANCE_SCHEMA'
2019-03-14T20:15:46.944393Z 0 [Note] Shutting down plugin 'MRG_MYISAM'
2019-03-14T20:15:46.944396Z 0 [Note] Shutting down plugin 'MyISAM'
2019-03-14T20:15:46.944402Z 0 [Note] Shutting down plugin 'INNODB_SYS_VIRTUAL'
2019-03-14T20:15:46.944404Z 0 [Note] Shutting down plugin 'INNODB_SYS_DATAFILES'
2019-03-14T20:15:46.944406Z 0 [Note] Shutting down plugin 'INNODB_SYS_TABLESPACES'
2019-03-14T20:15:46.944408Z 0 [Note] Shutting down plugin 'INNODB_SYS_FOREIGN_COLS'
2019-03-14T20:15:46.944410Z 0 [Note] Shutting down plugin 'INNODB_SYS_FOREIGN'
2019-03-14T20:15:46.944411Z 0 [Note] Shutting down plugin 'INNODB_SYS_FIELDS'
2019-03-14T20:15:46.944413Z 0 [Note] Shutting down plugin 'INNODB_SYS_COLUMNS'
2019-03-14T20:15:46.944414Z 0 [Note] Shutting down plugin 'INNODB_SYS_INDEXES'
2019-03-14T20:15:46.944416Z 0 [Note] Shutting down plugin 'INNODB_SYS_TABLESTATS'
2019-03-14T20:15:46.944418Z 0 [Note] Shutting down plugin 'INNODB_SYS_TABLES'
2019-03-14T20:15:46.944420Z 0 [Note] Shutting down plugin 'INNODB_FT_INDEX_TABLE'
2019-03-14T20:15:46.944422Z 0 [Note] Shutting down plugin 'INNODB_FT_INDEX_CACHE'
2019-03-14T20:15:46.944423Z 0 [Note] Shutting down plugin 'INNODB_FT_CONFIG'
2019-03-14T20:15:46.944425Z 0 [Note] Shutting down plugin 'INNODB_FT_BEING_DELETED'
2019-03-14T20:15:46.944427Z 0 [Note] Shutting down plugin 'INNODB_FT_DELETED'
2019-03-14T20:15:46.944429Z 0 [Note] Shutting down plugin 'INNODB_FT_DEFAULT_STOPWORD'
2019-03-14T20:15:46.944431Z 0 [Note] Shutting down plugin 'INNODB_METRICS'
2019-03-14T20:15:46.944432Z 0 [Note] Shutting down plugin 'INNODB_TEMP_TABLE_INFO'
2019-03-14T20:15:46.944434Z 0 [Note] Shutting down plugin 'INNODB_BUFFER_POOL_STATS'
2019-03-14T20:15:46.944436Z 0 [Note] Shutting down plugin 'INNODB_BUFFER_PAGE_LRU'
2019-03-14T20:15:46.944437Z 0 [Note] Shutting down plugin 'INNODB_BUFFER_PAGE'
2019-03-14T20:15:46.944439Z 0 [Note] Shutting down plugin 'INNODB_CMP_PER_INDEX_RESET'
2019-03-14T20:15:46.944441Z 0 [Note] Shutting down plugin 'INNODB_CMP_PER_INDEX'
2019-03-14T20:15:46.944442Z 0 [Note] Shutting down plugin 'INNODB_CMPMEM_RESET'
2019-03-14T20:15:46.944444Z 0 [Note] Shutting down plugin 'INNODB_CMPMEM'
2019-03-14T20:15:46.944446Z 0 [Note] Shutting down plugin 'INNODB_CMP_RESET'
2019-03-14T20:15:46.944447Z 0 [Note] Shutting down plugin 'INNODB_CMP'
2019-03-14T20:15:46.944449Z 0 [Note] Shutting down plugin 'INNODB_LOCK_WAITS'
2019-03-14T20:15:46.944451Z 0 [Note] Shutting down plugin 'INNODB_LOCKS'
2019-03-14T20:15:46.944452Z 0 [Note] Shutting down plugin 'INNODB_TRX'
2019-03-14T20:15:46.944454Z 0 [Note] Shutting down plugin 'InnoDB'
2019-03-14T20:15:46.944491Z 0 [Note] InnoDB: FTS optimize thread exiting.
2019-03-14T20:15:46.945380Z 0 [Note] InnoDB: Starting shutdown...
2019-03-14T20:15:47.046290Z 0 [Note] InnoDB: Dumping buffer pool(s) to /var/lib/mysql/ib_buffer_pool
2019-03-14T20:15:47.047309Z 0 [Note] InnoDB: Buffer pool(s) dump completed at 190314 20:15:47
2019-03-14T20:15:48.758605Z 0 [Note] InnoDB: Shutdown completed; log sequence number 4966234
2019-03-14T20:15:48.758826Z 0 [Note] InnoDB: Removed temporary tablespace data file: "ibtmp1"
2019-03-14T20:15:48.758837Z 0 [Note] Shutting down plugin 'MEMORY'
2019-03-14T20:15:48.758842Z 0 [Note] Shutting down plugin 'CSV'
2019-03-14T20:15:48.758845Z 0 [Note] Shutting down plugin 'sha256_password'
2019-03-14T20:15:48.758847Z 0 [Note] Shutting down plugin 'mysql_native_password'
2019-03-14T20:15:48.758955Z 0 [Note] Shutting down plugin 'binlog'
2019-03-14T20:15:48.759287Z 0 [Note] /usr/sbin/mysqld: Shutdown complete

2019-03-14T20:15:56.643474Z 0 [Warning] TIMESTAMP with implicit DEFAULT value is deprecated. Please use --explicit_defaults_for_timestamp server option (see documentation for more details).
2019-03-14T20:15:56.643702Z 0 [Note] /usr/sbin/mysqld (mysqld 5.7.23) starting as process 71 ...
2019-03-14T20:15:56.670418Z 0 [Note] InnoDB: PUNCH HOLE support available
2019-03-14T20:15:56.670430Z 0 [Note] InnoDB: Mutexes and rw_locks use GCC atomic builtins
2019-03-14T20:15:56.670433Z 0 [Note] InnoDB: Uses event mutexes
2019-03-14T20:15:56.670435Z 0 [Note] InnoDB: GCC builtin __atomic_thread_fence() is used for memory barrier
2019-03-14T20:15:56.670438Z 0 [Note] InnoDB: Compressed tables use zlib 1.2.3
2019-03-14T20:15:56.670440Z 0 [Note] InnoDB: Using Linux native AIO
2019-03-14T20:15:56.670565Z 0 [Note] InnoDB: Number of pools: 1
2019-03-14T20:15:56.670627Z 0 [Note] InnoDB: Using CPU crc32 instructions
2019-03-14T20:15:56.671544Z 0 [Note] InnoDB: Initializing buffer pool, total size = 32M, instances = 1, chunk size = 32M
2019-03-14T20:15:56.672790Z 0 [Note] InnoDB: Completed initialization of buffer pool
2019-03-14T20:15:56.675821Z 0 [Note] InnoDB: If the mysqld execution user is authorized, page cleaner thread priority can be changed. See the man page of setpriority().
2019-03-14T20:15:56.688555Z 0 [Note] InnoDB: Highest supported file format is Barracuda.
2019-03-14T20:15:56.699720Z 0 [Note] InnoDB: Creating shared tablespace for temporary tables
2019-03-14T20:15:56.699769Z 0 [Note] InnoDB: Setting file './ibtmp1' size to 12 MB. Physically writing the file full; Please wait ...
2019-03-14T20:15:56.713157Z 0 [Note] InnoDB: File './ibtmp1' size is now 12 MB.
2019-03-14T20:15:56.713548Z 0 [Note] InnoDB: 96 redo rollback segment(s) found. 96 redo rollback segment(s) are active.
2019-03-14T20:15:56.713554Z 0 [Note] InnoDB: 32 non-redo rollback segment(s) are active.
2019-03-14T20:15:56.713849Z 0 [Note] InnoDB: Waiting for purge to start
2019-03-14T20:15:56.767160Z 0 [Note] InnoDB: 5.7.23 started; log sequence number 4966234
2019-03-14T20:15:56.767377Z 0 [Note] Plugin 'FEDERATED' is disabled.
2019-03-14T20:15:56.769217Z 0 [Warning] Failed to set up SSL because of the following SSL library error: SSL context is not usable without certificate and private key
2019-03-14T20:15:56.769225Z 0 [Note] Server hostname (bind-address): '*'; port: 3306
2019-03-14T20:15:56.769253Z 0 [Note] IPv6 is available.
2019-03-14T20:15:56.769260Z 0 [Note]   - '::' resolves to '::';
2019-03-14T20:15:56.769264Z 0 [Note] Server socket created on IP: '::'.
2019-03-14T20:15:56.770035Z 0 [Warning] Insecure configuration for --pid-file: Location '/var/run/mysqld' in the path is accessible to all OS users. Consider choosing a different directory.
2019-03-14T20:15:56.770678Z 0 [Warning] 'user' entry 'root@localhost' ignored in --skip-name-resolve mode.
2019-03-14T20:15:56.770695Z 0 [Warning] 'user' entry 'mysql.session@localhost' ignored in --skip-name-resolve mode.
2019-03-14T20:15:56.770700Z 0 [Warning] 'user' entry 'mysql.sys@localhost' ignored in --skip-name-resolve mode.
2019-03-14T20:15:56.770711Z 0 [Warning] 'db' entry 'performance_schema mysql.session@localhost' ignored in --skip-name-resolve mode.
2019-03-14T20:15:56.770714Z 0 [Warning] 'db' entry 'sys mysql.sys@localhost' ignored in --skip-name-resolve mode.
2019-03-14T20:15:56.770720Z 0 [Warning] 'proxies_priv' entry '@ root@localhost' ignored in --skip-name-resolve mode.
2019-03-14T20:15:56.771490Z 0 [Warning] 'tables_priv' entry 'user mysql.session@localhost' ignored in --skip-name-resolve mode.
2019-03-14T20:15:56.771499Z 0 [Warning] 'tables_priv' entry 'sys_config mysql.sys@localhost' ignored in --skip-name-resolve mode.
2019-03-14T20:15:56.775312Z 0 [Note] Event Scheduler: Loaded 0 events
2019-03-14T20:15:56.775421Z 0 [Note] InnoDB: Loading buffer pool(s) from /var/lib/mysql/ib_buffer_pool
2019-03-14T20:15:56.775797Z 0 [Note] InnoDB: Buffer pool(s) load completed at 190314 20:15:56
2019-03-14T20:15:56.787181Z 0 [Note] /usr/sbin/mysqld: ready for connections.
Version: '5.7.23'  socket: '/var/run/mysqld/mysqld.sock'  port: 3306  MySQL Community Server (GPL)
2019-03-14T21:22:23.944650Z 0 [Note] InnoDB: page_cleaner: 1000ms intended loop took 641861ms. The settings might not be optimal. (flushed=0 and evicted=0, during the time.)
2019-03-15T00:02:26.999350Z 0 [Note] InnoDB: page_cleaner: 1000ms intended loop took 9103863ms. The settings might not be optimal. (flushed=0 and evicted=0, during the time.)
2019-03-15T05:06:33.957259Z 0 [Note] InnoDB: page_cleaner: 1000ms intended loop took 18057823ms. The settings might not be optimal. (flushed=0 and evicted=0, during the time.)
2019-03-15T10:07:38.670334Z 0 [Note] InnoDB: page_cleaner: 1000ms intended loop took 18055710ms. The settings might not be optimal. (flushed=0 and evicted=0, during the time.)
2019-03-15T15:08:42.151257Z 0 [Note] InnoDB: page_cleaner: 1000ms intended loop took 18044475ms. The settings might not be optimal. (flushed=0 and evicted=0, during the time.)
2019-03-15T20:09:36.752272Z 0 [Note] InnoDB: page_cleaner: 1000ms intended loop took 18045521ms. The settings might not be optimal. (flushed=0 and evicted=0, during the time.)
2019-03-15T23:45:33.689398Z 0 [Note] InnoDB: page_cleaner: 1000ms intended loop took 12937931ms. The settings might not be optimal. (flushed=0 and evicted=0, during the time.)
2019-03-16T04:46:38.321253Z 0 [Note] InnoDB: page_cleaner: 1000ms intended loop took 18045624ms. The settings might not be optimal. (flushed=0 and evicted=0, during the time.)
2019-03-16T09:47:31.775295Z 0 [Note] InnoDB: page_cleaner: 1000ms intended loop took 18044452ms. The settings might not be optimal. (flushed=0 and evicted=0, during the time.)
2019-03-16T14:48:36.355279Z 0 [Note] InnoDB: page_cleaner: 1000ms intended loop took 18045572ms. The settings might not be optimal. (flushed=0 and evicted=0, during the time.)
2019-03-16T19:49:41.096212Z 0 [Note] InnoDB: page_cleaner: 1000ms intended loop took 18045730ms. The settings might not be optimal. (flushed=0 and evicted=0, during the time.)
2019-03-16T23:30:32.518548Z 0 [Note] InnoDB: page_cleaner: 1000ms intended loop took 13242420ms. The settings might not be optimal. (flushed=0 and evicted=0, during the time.)
2019-03-17T04:31:36.211271Z 0 [Note] InnoDB: page_cleaner: 1000ms intended loop took 18044685ms. The settings might not be optimal. (flushed=0 and evicted=0, during the time.)
2019-03-18T19:12:38.210161Z 0 [Note] InnoDB: page_cleaner: 1000ms intended loop took 139252989ms. The settings might not be optimal. (flushed=0 and evicted=0, during the time.)
2019-03-18T20:19:18.757570Z 0 [Note] InnoDB: page_cleaner: 1000ms intended loop took 245084ms. The settings might not be optimal. (flushed=0 and evicted=0, during the time.)
2019-03-18T20:59:53.907751Z 0 [Note] InnoDB: page_cleaner: 1000ms intended loop took 1380690ms. The settings might not be optimal. (flushed=0 and evicted=0, during the time.)
2019-03-18T21:32:46.152664Z 0 [Note] InnoDB: page_cleaner: 1000ms intended loop took 1953233ms. The settings might not be optimal. (flushed=0 and evicted=0, during the time.)
2019-03-18T21:59:36.065275Z 0 [Note] InnoDB: page_cleaner: 1000ms intended loop took 1600903ms. The settings might not be optimal. (flushed=0 and evicted=0, during the time.)
2019-03-19T00:29:45.926255Z 0 [Note] InnoDB: page_cleaner: 1000ms intended loop took 9000848ms. The settings might not be optimal. (flushed=0 and evicted=0, during the time.)
2019-03-19T02:38:46.219227Z 0 [Note] InnoDB: page_cleaner: 1000ms intended loop took 7731289ms. The settings might not be optimal. (flushed=0 and evicted=0, during the time.)
2019-03-20T18:42:57.560502Z 0 [Note] InnoDB: page_cleaner: 1000ms intended loop took 144172283ms. The settings might not be optimal. (flushed=0 and evicted=0, during the time.)
2019-03-20T20:20:03.838429Z 0 [Note] InnoDB: page_cleaner: 1000ms intended loop took 927046ms. The settings might not be optimal. (flushed=0 and evicted=0, during the time.)
2019-03-25T16:11:54.771620Z 0 [Note] InnoDB: page_cleaner: 1000ms intended loop took 411588445ms. The settings might not be optimal. (flushed=0 and evicted=0, during the time.)
2019-03-25T17:10:16.806069Z 0 [Note] Giving 1 client threads a chance to die gracefully
2019-03-25T17:10:16.806365Z 0 [Note] Shutting down slave threads
2019-03-25T17:10:22.505722Z 0 [Warning] TIMESTAMP with implicit DEFAULT value is deprecated. Please use --explicit_defaults_for_timestamp server option (see documentation for more details).
2019-03-25T17:10:22.515953Z 0 [Note] /usr/sbin/mysqld (mysqld 5.7.23) starting as process 72 ...
2019-03-25T17:10:22.526677Z 0 [Note] InnoDB: PUNCH HOLE support available
2019-03-25T17:10:22.526689Z 0 [Note] InnoDB: Mutexes and rw_locks use GCC atomic builtins
2019-03-25T17:10:22.526692Z 0 [Note] InnoDB: Uses event mutexes
2019-03-25T17:10:22.526694Z 0 [Note] InnoDB: GCC builtin __atomic_thread_fence() is used for memory barrier
2019-03-25T17:10:22.526697Z 0 [Note] InnoDB: Compressed tables use zlib 1.2.3
2019-03-25T17:10:22.526699Z 0 [Note] InnoDB: Using Linux native AIO
2019-03-25T17:10:22.526820Z 0 [Note] InnoDB: Number of pools: 1
2019-03-25T17:10:22.526879Z 0 [Note] InnoDB: Using CPU crc32 instructions
2019-03-25T17:10:22.527787Z 0 [Note] InnoDB: Initializing buffer pool, total size = 32M, instances = 1, chunk size = 32M
2019-03-25T17:10:22.528939Z 0 [Note] InnoDB: Completed initialization of buffer pool
2019-03-25T17:10:22.535986Z 0 [Note] InnoDB: If the mysqld execution user is authorized, page cleaner thread priority can be changed. See the man page of setpriority().
2019-03-25T17:10:22.543838Z 0 [Note] InnoDB: Highest supported file format is Barracuda.
2019-03-25T17:10:22.544293Z 0 [Note] InnoDB: Log scan progressed past the checkpoint lsn 7094900
2019-03-25T17:10:22.544305Z 0 [Note] InnoDB: Doing recovery: scanned up to log sequence number 7094909
2019-03-25T17:10:22.544308Z 0 [Note] InnoDB: Database was not shutdown normally!
2019-03-25T17:10:22.544310Z 0 [Note] InnoDB: Starting crash recovery.
2019-03-25T17:10:22.693367Z 0 [Note] InnoDB: Removed temporary tablespace data file: "ibtmp1"
2019-03-25T17:10:22.693386Z 0 [Note] InnoDB: Creating shared tablespace for temporary tables
2019-03-25T17:10:22.693418Z 0 [Note] InnoDB: Setting file './ibtmp1' size to 12 MB. Physically writing the file full; Please wait ...
2019-03-25T17:10:22.711304Z 0 [Note] InnoDB: File './ibtmp1' size is now 12 MB.
2019-03-25T17:10:22.711782Z 0 [Note] InnoDB: 96 redo rollback segment(s) found. 96 redo rollback segment(s) are active.
2019-03-25T17:10:22.711789Z 0 [Note] InnoDB: 32 non-redo rollback segment(s) are active.
2019-03-25T17:10:22.712074Z 0 [Note] InnoDB: Waiting for purge to start
2019-03-25T17:10:22.763132Z 0 [Note] InnoDB: 5.7.23 started; log sequence number 7094909
2019-03-25T17:10:22.763352Z 0 [Note] Plugin 'FEDERATED' is disabled.
2019-03-25T17:10:22.765070Z 0 [Warning] Failed to set up SSL because of the following SSL library error: SSL context is not usable without certificate and private key
2019-03-25T17:10:22.765079Z 0 [Note] Server hostname (bind-address): '*'; port: 3306
2019-03-25T17:10:22.765107Z 0 [Note] IPv6 is available.
2019-03-25T17:10:22.765114Z 0 [Note]   - '::' resolves to '::';
2019-03-25T17:10:22.765118Z 0 [Note] Server socket created on IP: '::'.
2019-03-25T17:10:22.765926Z 0 [Warning] Insecure configuration for --pid-file: Location '/var/run/mysqld' in the path is accessible to all OS users. Consider choosing a different directory.
2019-03-25T17:10:22.766626Z 0 [Warning] 'user' entry 'root@localhost' ignored in --skip-name-resolve mode.
2019-03-25T17:10:22.766643Z 0 [Warning] 'user' entry 'mysql.session@localhost' ignored in --skip-name-resolve mode.
2019-03-25T17:10:22.766648Z 0 [Warning] 'user' entry 'mysql.sys@localhost' ignored in --skip-name-resolve mode.
2019-03-25T17:10:22.766660Z 0 [Warning] 'db' entry 'performance_schema mysql.session@localhost' ignored in --skip-name-resolve mode.
2019-03-25T17:10:22.766663Z 0 [Warning] 'db' entry 'sys mysql.sys@localhost' ignored in --skip-name-resolve mode.
2019-03-25T17:10:22.766672Z 0 [Warning] 'proxies_priv' entry '@ root@localhost' ignored in --skip-name-resolve mode.
2019-03-25T17:10:22.767422Z 0 [Warning] 'tables_priv' entry 'user mysql.session@localhost' ignored in --skip-name-resolve mode.
2019-03-25T17:10:22.767431Z 0 [Warning] 'tables_priv' entry 'sys_config mysql.sys@localhost' ignored in --skip-name-resolve mode.
2019-03-25T17:10:22.771259Z 0 [Note] Event Scheduler: Loaded 0 events
2019-03-25T17:10:22.775709Z 0 [Note] InnoDB: Loading buffer pool(s) from /var/lib/mysql/ib_buffer_pool
2019-03-25T17:10:22.776165Z 0 [Note] /usr/sbin/mysqld: ready for connections.
Version: '5.7.23'  socket: '/var/run/mysqld/mysqld.sock'  port: 3306  MySQL Community Server (GPL)
2019-03-25T17:10:22.779017Z 0 [Note] InnoDB: Buffer pool(s) load completed at 190325 17:10:22
